<?xml version="1.0" encoding="UTF-8"?>
<!-- Generated by org.testng.reporters.JUnitReportReporter -->
<testsuite hostname="LAPTOP-SVCR5S9B" failures="0" tests="1" name="WindowHandel.WindowHandelTest" time="12.020" errors="0" timestamp="2024-03-25T19:21:50 IST" skipped="0">
  <testcase classname="WindowHandel.WindowHandelTest" name="initilize" time="12.020"/>
  <system-out/>
</testsuite> <!-- WindowHandel.WindowHandelTest -->
